\BOOKMARK [0][-]{chapter*.1}{\376\377\000L\036\335\000i\000\040\000c\036\243\000m\000\040\001\241\000n}{}% 1
\BOOKMARK [0][-]{chapter*.3}{\376\377\000L\036\335\000i\000\040\000m\036\337\000\040\001\021\036\247\000u}{}% 2
\BOOKMARK [0][-]{chapter*.4}{\376\377\000M\036\331\000t\000\040\000s\036\321\000\040\000k\000\375\000\040\000h\000i\036\307\000u}{}% 3
\BOOKMARK [0][-]{chapter.1}{\376\377\000M\036\331\000t\000\040\000s\036\321\000\040\000k\000i\036\277\000n\000\040\000t\000h\036\351\000c\000\040\000c\000h\000u\036\251\000n\000\040\000b\036\313}{}% 4
\BOOKMARK [1][-]{section.1.1}{\376\377\000M\000a\000\040\000t\000r\036\255\000n}{chapter.1}% 5
\BOOKMARK [1][-]{section.1.2}{\376\377\000V\000e\000c\000t\000o\000r\000\040\000r\000i\000\352\000n\000g\000-\000\040\000G\000i\000\341\000\040\000t\000r\036\313\000\040\000r\000i\000\352\000n\000g}{chapter.1}% 6
\BOOKMARK [1][-]{section.1.3}{\376\377\001\020\036\313\000n\000h\000\040\000l\000\355\000\040\000p\000h\036\325\000\040\000c\036\347\000a\000\040\000m\000a\000\040\000t\000r\036\255\000n\000\040\001\021\036\321\000i\000\040\000x\036\351\000n\000g}{chapter.1}% 7
\BOOKMARK [1][-]{section.1.4}{\376\377\000X\000\341\000c\000\040\000x\000u\036\245\000t\000\040\000t\000h\036\321\000n\000g\000\040\000k\000\352}{chapter.1}% 8
\BOOKMARK [2][-]{subsection.1.4.1}{\376\377\000K\036\363\000\040\000v\036\315\000n\000g}{section.1.4}% 9
\BOOKMARK [2][-]{subsection.1.4.2}{\376\377\000P\000h\001\260\001\241\000n\000g\000\040\000s\000a\000i}{section.1.4}% 10
\BOOKMARK [2][-]{subsection.1.4.3}{\376\377\000M\000a\000\040\000t\000r\036\255\000n\000\040\000h\000i\000\352\000p\000\040\000p\000h\001\260\001\241\000n\000g\000\040\000s\000a\000i}{section.1.4}% 11
\BOOKMARK [0][-]{chapter.2}{\376\377\000\040\000P\000H\000\302\000N\000\040\000T\000\315\000C\000H\000\040\000G\000I\000\301\000\040\000T\000R\036\312\000\040\000K\000\314\000\040\000D\036\312\000\040}{}% 12
\BOOKMARK [1][-]{section.2.1}{\376\377\000G\000i\036\333\000i\000\040\000t\000h\000i\036\307\000u}{chapter.2}% 13
\BOOKMARK [1][-]{section.2.2}{\376\377\000P\000h\000\342\000n\000\040\000t\000\355\000c\000h\000\040\000g\000i\000\341\000\040\000t\000r\036\313\000\040\000k\000\354\000\040\000d\036\313}{chapter.2}% 14
\BOOKMARK [1][-]{section.2.3}{\376\377\000T\000h\000u\036\255\000t\000\040\000t\000o\000\341\000n\000\040\000t\000\354\000m\000\040\000S\000V\000D\000\040\000c\036\347\000a\000\040\000m\036\331\000t\000\040\000m\000a\000\040\000t\000r\036\255\000n}{chapter.2}% 15
\BOOKMARK [1][-]{section.2.4}{\376\377\000M\036\331\000t\000\040\000s\036\321\000\040\000t\000\355\000n\000h\000\040\000c\000h\036\245\000t\000\040\000c\036\347\000a\000\040\000m\000a\000\040\000t\000r\036\255\000n\000\040\000l\000i\000\352\000n\000\040\000q\000u\000a\000n\000\040\001\021\036\277\000n\000\040\000S\000V\000D\000\040\000c\036\347\000a\000\040\000n\000\363}{chapter.2}% 16
\BOOKMARK [0][-]{chapter.3}{\376\377\000\040\000P\000h\000\342\000n\000\040\000t\000\355\000c\000h\000\040\000t\000h\000\340\000n\000h\000\040\000p\000h\036\247\000n\000\040\000c\000h\000\355\000n\000h\000\040}{}% 17
\BOOKMARK [1][-]{section.3.1}{\376\377\000G\000i\036\333\000i\000\040\000t\000h\000i\036\307\000u}{chapter.3}% 18
\BOOKMARK [1][-]{section.3.2}{\376\377\000\335\000\040\000t\001\260\036\337\000n\000g}{chapter.3}% 19
\BOOKMARK [1][-]{section.3.3}{\376\377\000P\000h\000\342\000n\000\040\000t\000\355\000c\000h\000\040\000t\000h\000\340\000n\000h\000\040\000p\000h\036\247\000n\000\040\000c\000h\000\355\000n\000h}{chapter.3}% 20
\BOOKMARK [1][-]{section.3.4}{\376\377\000T\000\354\000m\000\040\000c\000\341\000c\000\040\000t\000h\000\340\000n\000h\000\040\000p\000h\036\247\000n\000\040\000c\000h\000\355\000n\000h\000\040\000c\036\347\000a\000\040\000b\000\340\000i\000\040\000t\000o\000\341\000n\000\040\000P\000C\000A\000\040\000t\000h\000\364\000n\000g\000\040\000q\000u\000a\000\040\000S\000V\000D}{chapter.3}% 21
\BOOKMARK [1][-]{section.3.5}{\376\377\000T\000\355\000n\000h\000\040\000d\000u\000y\000\040\000n\000h\036\245\000t\000\040\000n\000g\000h\000i\036\307\000m\000\040\000c\036\347\000a\000\040\000P\000C\000A}{chapter.3}% 22
\BOOKMARK [1][-]{section.3.6}{\376\377\000T\000h\000u\036\255\000t\000\040\000t\000o\000\341\000n\000\040\000t\000\354\000m\000\040\000P\000C\000A\000\040\000c\036\347\000a\000\040\000m\036\331\000t\000\040\000m\000a\000\040\000t\000r\036\255\000n}{chapter.3}% 23
\BOOKMARK [0][-]{chapter.4}{\376\377\000\040\000M\036\330\000T\000\040\000S\036\320\000\040\036\350\000N\000G\000\040\000D\036\344\000N\000G\000\040\000C\036\346\000A\000\040\000S\000V\000D\000\040\000v\000\340\000\040\000P\000C\000A\000\040}{}% 24
\BOOKMARK [1][-]{section.4.1}{\376\377\036\350\000n\000g\000\040\000d\036\345\000n\000g\000\040\000c\036\347\000a\000\040\000S\000V\000D\000\040\000t\000r\000o\000n\000g\000\040\000b\000\340\000i\000\040\000t\000o\000\341\000n\000\040\000x\036\245\000p\000\040\000x\036\311\000\040\000h\036\241\000n\000g\000\040\000t\000h\036\245\000p\000\040\000t\036\321\000t\000\040\000n\000h\036\245\000t\000\040\000c\036\347\000a\000\040\000m\000a\000\040\000t\000r\036\255\000n}{chapter.4}% 25
\BOOKMARK [1][-]{section.4.2}{\376\377\000P\000h\000\342\000n\000\040\000t\000\355\000c\000h\000\040\000S\000V\000D\000\040\000t\000r\000o\000n\000g\000\040\000x\036\355\000\040\000l\000\355\000\040\036\243\000n\000h}{chapter.4}% 26
\BOOKMARK [1][-]{section.4.3}{\376\377\000E\000i\000g\000e\000n\000f\000a\000c\000e\000\040\000v\000\340\000\040\036\351\000n\000g\000\040\000d\036\345\000n\000g\000\040\000P\000C\000A\000\040\000t\000r\000o\000n\000g\000\040\000n\000h\036\255\000n\000\040\000d\036\241\000n\000g\000\040\000k\000h\000u\000\364\000n\000\040\000m\036\267\000t}{chapter.4}% 27
